2024-01-17 17:28:11  INFO strategy::roll_strategy::roll_bull_finder hurribot::candle_chart: src/candle_chart.rs:61: read from csv: ./data/BONKUSDT
2024-01-17 17:28:11  INFO strategy::roll_strategy::roll_bull_finder hurribot::strategy::roll_strategy: src/strategy/roll_strategy.rs:356: 
entry: CandleData {
    open: 0.003582,
    close: 0.003515,
    high: 0.003585,
    low: 0.0035,
    volume: 64597696.0,
    open_time: 2023-11-27 14:28:00.0 +00:00:00,
    close_time: 2023-11-27 14:28:59.999 +00:00:00,
}, 
end: CandleData {
    open: 0.01793,
    close: 0.01758,
    high: 0.01795,
    low: 0.017425,
    volume: 305612258.0,
    open_time: 2023-12-20 2:08:00.0 +00:00:00,
    close_time: 2023-12-20 2:08:59.999 +00:00:00,
}, 
max: CandleData {
    open: 0.03471,
    close: 0.034719,
    high: 0.035,
    low: 0.03445,
    volume: 217647732.0,
    open_time: 2023-12-15 7:31:00.0 +00:00:00,
    close_time: 2023-12-15 7:31:59.999 +00:00:00,
}, 
return rate: 5.022857142857142, 
max_draw_static: 
increase:     2.43%		max_draw:     2.37%
increase:     9.80%		max_draw:     7.36%
increase:    13.74%		max_draw:     8.29%
increase:    31.49%		max_draw:    17.34%
increase:    97.14%		max_draw:    26.09%
increase:   324.91%		max_draw:    37.64%

2024-01-17 17:28:11  INFO strategy::roll_strategy::roll_bull_finder hurribot::strategy::roll_strategy: src/strategy/roll_strategy.rs:365: good set count: 1
