2024-01-17 15:44:29  INFO strategy::roll_strategy::roll_bull_finder hurribot::candle_chart: src/candle_chart.rs:61: read from csv: ./data/BTCUSDT
2024-01-17 15:44:36  INFO strategy::roll_strategy::roll_bull_finder hurribot::strategy::roll_strategy: src/strategy/roll_strategy.rs:353: 
entry: CandleData {
    open: 3712.75,
    close: 3706.96,
    high: 3779.0,
    low: 3621.81,
    volume: 2513.902,
    open_time: 2020-03-13 2:16:00.0 +00:00:00,
    close_time: 2020-03-13 2:16:59.999 +00:00:00,
}, 
end: CandleData {
    open: 33612.3,
    close: 33250.0,
    high: 33853.62,
    low: 31865.51,
    volume: 8072.788,
    open_time: 2021-05-19 12:54:00.0 +00:00:00,
    close_time: 2021-05-19 12:54:59.999 +00:00:00,
}, 
max: CandleData {
    open: 64943.56,
    close: 64812.96,
    high: 64986.11,
    low: 64778.35,
    volume: 909.501,
    open_time: 2021-04-14 6:14:00.0 +00:00:00,
    close_time: 2021-04-14 6:14:59.999 +00:00:00,
}, 
return rate: 9.18049262661487, 
max_draw_static: 
increase:     4.77%		max_draw:     2.63%
increase:     6.79%		max_draw:     3.43%
increase:     8.23%		max_draw:     3.47%
increase:    20.69%		max_draw:     6.20%
increase:    29.47%		max_draw:    10.45%
increase:    43.88%		max_draw:    12.11%
increase:    44.35%		max_draw:    12.85%
increase:    52.69%		max_draw:    18.25%
increase:    64.86%		max_draw:    26.08%
increase:  1063.11%		max_draw:    31.44%

2024-01-17 15:44:36  INFO strategy::roll_strategy::roll_bull_finder hurribot::strategy::roll_strategy: src/strategy/roll_strategy.rs:353: 
entry: CandleData {
    open: 29887.95,
    close: 31291.74,
    high: 32040.6,
    low: 28688.0,
    volume: 4882.932,
    open_time: 2021-05-19 13:10:00.0 +00:00:00,
    close_time: 2021-05-19 13:10:59.999 +00:00:00,
}, 
end: CandleData {
    open: 34773.6,
    close: 34641.34,
    high: 34781.17,
    low: 34567.0,
    volume: 2977.137,
    open_time: 2022-01-22 10:02:00.0 +00:00:00,
    close_time: 2022-01-22 10:02:59.999 +00:00:00,
}, 
max: CandleData {
    open: 68876.31,
    close: 69154.88,
    high: 69198.7,
    low: 68869.75,
    volume: 2257.725,
    open_time: 2021-11-10 14:16:00.0 +00:00:00,
    close_time: 2021-11-10 14:16:59.999 +00:00:00,
}, 
return rate: 1.2075202175125488, 
max_draw_static: 
increase:    12.09%		max_draw:     4.55%
increase:    12.65%		max_draw:     5.62%
increase:    21.11%		max_draw:     8.43%
increase:    25.48%		max_draw:    11.11%
increase:    27.35%		max_draw:    12.96%
increase:    41.17%		max_draw:    13.87%
increase:    48.01%		max_draw:    32.22%

2024-01-17 15:44:36  INFO strategy::roll_strategy::roll_bull_finder hurribot::strategy::roll_strategy: src/strategy/roll_strategy.rs:353: 
entry: CandleData {
    open: 15502.0,
    close: 15531.0,
    high: 15532.2,
    low: 15443.2,
    volume: 6869.46,
    open_time: 2022-11-21 21:52:00.0 +00:00:00,
    close_time: 2022-11-21 21:52:59.999 +00:00:00,
}, 
end: CandleData {
    open: 42312.7,
    close: 42314.0,
    high: 42314.0,
    low: 42293.7,
    volume: 125.766,
    open_time: 2023-12-31 23:59:00.0 +00:00:00,
    close_time: 2023-12-31 23:59:59.999 +00:00:00,
}, 
max: CandleData {
    open: 44681.7,
    close: 44745.0,
    high: 44779.3,
    low: 44630.0,
    volume: 1143.137,
    open_time: 2023-12-08 21:25:00.0 +00:00:00,
    close_time: 2023-12-08 21:25:59.999 +00:00:00,
}, 
return rate: 2.739976170741815, 
max_draw_static: 
increase:     1.02%		max_draw:     0.44%
increase:     1.53%		max_draw:     0.54%
increase:     1.82%		max_draw:     0.76%
increase:     2.66%		max_draw:     0.97%
increase:     3.35%		max_draw:     2.19%
increase:     8.10%		max_draw:     2.28%
increase:     8.79%		max_draw:     4.86%
increase:    19.15%		max_draw:    11.90%
increase:    57.06%		max_draw:    11.97%
increase:    63.50%		max_draw:    22.58%

2024-01-17 15:44:36  INFO strategy::roll_strategy::roll_bull_finder hurribot::strategy::roll_strategy: src/strategy/roll_strategy.rs:362: good set count: 3
