2024-01-17 15:47:11  INFO strategy::roll_strategy::roll_bull_finder hurribot::candle_chart: src/candle_chart.rs:61: read from csv: ./data/ETHUSDT
2024-01-17 15:47:18  INFO strategy::roll_strategy::roll_bull_finder hurribot::strategy::roll_strategy: src/strategy/roll_strategy.rs:353: 
entry: CandleData {
    open: 125.85,
    close: 125.81,
    high: 125.86,
    low: 125.78,
    volume: 687.106,
    open_time: 2020-01-03 1:58:00.0 +00:00:00,
    close_time: 2020-01-03 1:58:59.999 +00:00:00,
}, 
end: CandleData {
    open: 148.21,
    close: 144.03,
    high: 149.04,
    low: 143.84,
    volume: 55378.114,
    open_time: 2020-03-12 10:42:00.0 +00:00:00,
    close_time: 2020-03-12 10:42:59.999 +00:00:00,
}, 
max: CandleData {
    open: 288.38,
    close: 288.74,
    high: 289.0,
    low: 288.34,
    volume: 4502.956,
    open_time: 2020-02-15 0:06:00.0 +00:00:00,
    close_time: 2020-02-15 0:06:59.999 +00:00:00,
}, 
return rate: 1.145094609635872, 
max_draw_static: 
increase:     0.15%		max_draw:     0.13%
increase:     0.29%		max_draw:     0.17%
increase:     0.43%		max_draw:     0.18%
increase:     0.83%		max_draw:     0.20%
increase:     0.88%		max_draw:     0.39%
increase:     2.16%		max_draw:     0.55%
increase:     3.32%		max_draw:     1.39%
increase:     5.72%		max_draw:     1.59%
increase:     6.50%		max_draw:     2.25%
increase:     7.97%		max_draw:     2.28%
increase:     9.85%		max_draw:     2.90%
increase:    15.48%		max_draw:     4.51%
increase:    17.62%		max_draw:     8.60%
increase:    42.77%		max_draw:    13.28%

2024-01-17 15:47:18  INFO strategy::roll_strategy::roll_bull_finder hurribot::strategy::roll_strategy: src/strategy/roll_strategy.rs:353: 
entry: CandleData {
    open: 85.16,
    close: 89.09,
    high: 90.94,
    low: 84.23,
    volume: 15951.811,
    open_time: 2020-03-13 2:16:00.0 +00:00:00,
    close_time: 2020-03-13 2:16:59.999 +00:00:00,
}, 
end: CandleData {
    open: 109.0,
    close: 117.44,
    high: 323.0,
    low: 108.8,
    volume: 29817.785,
    open_time: 2020-03-13 2:39:00.0 +00:00:00,
    close_time: 2020-03-13 2:39:59.999 +00:00:00,
}, 
max: CandleData {
    open: 109.0,
    close: 117.44,
    high: 323.0,
    low: 108.8,
    volume: 29817.785,
    open_time: 2020-03-13 2:39:00.0 +00:00:00,
    close_time: 2020-03-13 2:39:59.999 +00:00:00,
}, 
return rate: 1.3942775733111716, 
max_draw_static: 
increase:     7.97%		max_draw:     4.21%
increase:     9.22%		max_draw:     4.22%
increase:    16.22%		max_draw:     5.23%
increase:    30.00%		max_draw:     9.20%

2024-01-17 15:47:18  INFO strategy::roll_strategy::roll_bull_finder hurribot::strategy::roll_strategy: src/strategy/roll_strategy.rs:353: 
entry: CandleData {
    open: 104.45,
    close: 102.57,
    high: 105.0,
    low: 100.11,
    volume: 21838.373,
    open_time: 2020-03-16 10:11:00.0 +00:00:00,
    close_time: 2020-03-16 10:11:59.999 +00:00:00,
}, 
end: CandleData {
    open: 2354.22,
    close: 2284.0,
    high: 2404.68,
    low: 2160.0,
    volume: 84081.521,
    open_time: 2021-05-19 12:50:00.0 +00:00:00,
    close_time: 2021-05-19 12:50:59.999 +00:00:00,
}, 
max: CandleData {
    open: 4362.7,
    close: 4368.42,
    high: 4379.18,
    low: 4362.26,
    volume: 10784.882,
    open_time: 2021-05-12 14:31:00.0 +00:00:00,
    close_time: 2021-05-12 14:31:59.999 +00:00:00,
}, 
return rate: 22.814903606033365, 
max_draw_static: 
increase:     4.88%		max_draw:     2.65%
increase:     6.38%		max_draw:     5.55%
increase:    10.80%		max_draw:     7.95%
increase:    21.42%		max_draw:     9.68%
increase:    52.51%		max_draw:    23.59%
increase:   318.03%		max_draw:    27.84%
increase:   388.78%		max_draw:    37.19%

2024-01-17 15:47:18  INFO strategy::roll_strategy::roll_bull_finder hurribot::strategy::roll_strategy: src/strategy/roll_strategy.rs:353: 
entry: CandleData {
    open: 1603.54,
    close: 1508.99,
    high: 1870.0,
    low: 1400.73,
    volume: 54903.352,
    open_time: 2021-05-19 13:10:00.0 +00:00:00,
    close_time: 2021-05-19 13:10:59.999 +00:00:00,
}, 
end: CandleData {
    open: 2464.29,
    close: 2433.63,
    high: 2466.0,
    low: 2430.0,
    volume: 19453.196,
    open_time: 2022-01-22 7:30:00.0 +00:00:00,
    close_time: 2022-01-22 7:30:59.999 +00:00:00,
}, 
max: CandleData {
    open: 4873.56,
    close: 4856.51,
    high: 4877.54,
    low: 4845.31,
    volume: 8503.082,
    open_time: 2021-11-10 14:17:00.0 +00:00:00,
    close_time: 2021-11-10 14:17:59.999 +00:00:00,
}, 
return rate: 1.7374012122250542, 
max_draw_static: 
increase:    53.80%		max_draw:    32.70%
increase:   113.52%		max_draw:    43.21%

2024-01-17 15:47:18  INFO strategy::roll_strategy::roll_bull_finder hurribot::strategy::roll_strategy: src/strategy/roll_strategy.rs:353: 
entry: CandleData {
    open: 883.58,
    close: 891.77,
    high: 894.68,
    low: 878.04,
    volume: 48993.951,
    open_time: 2022-06-18 20:12:00.0 +00:00:00,
    close_time: 2022-06-18 20:12:59.999 +00:00:00,
}, 
end: CandleData {
    open: 2284.46,
    close: 2283.85,
    high: 2284.47,
    low: 2283.53,
    volume: 854.29,
    open_time: 2023-12-31 23:59:00.0 +00:00:00,
    close_time: 2023-12-31 23:59:59.999 +00:00:00,
}, 
max: CandleData {
    open: 2410.35,
    close: 2428.86,
    high: 2455.52,
    low: 2410.35,
    volume: 105092.432,
    open_time: 2023-12-28 0:33:00.0 +00:00:00,
    close_time: 2023-12-28 0:33:59.999 +00:00:00,
}, 
return rate: 2.6010773996628855, 
max_draw_static: 
increase:     3.18%		max_draw:     2.08%
increase:     5.69%		max_draw:     4.52%
increase:    11.04%		max_draw:     5.07%
increase:    15.60%		max_draw:     7.83%
increase:    32.45%		max_draw:     9.54%
increase:    35.98%		max_draw:    12.73%
increase:    45.78%		max_draw:    22.27%
increase:   131.20%		max_draw:    47.23%

2024-01-17 15:47:18  INFO strategy::roll_strategy::roll_bull_finder hurribot::strategy::roll_strategy: src/strategy/roll_strategy.rs:362: good set count: 5
