2024-01-17 17:28:44  INFO strategy::roll_strategy::roll_bull_finder hurribot::candle_chart: src/candle_chart.rs:61: read from csv: ./data/PEOPLEUSDT
2024-01-17 17:28:44  INFO strategy::roll_strategy::roll_bull_finder hurribot::strategy::roll_strategy: src/strategy/roll_strategy.rs:356: 
entry: CandleData {
    open: 0.01149,
    close: 0.01057,
    high: 0.01182,
    low: 0.01057,
    volume: 11756960.8,
    open_time: 2024-01-03 12:10:00.0 +00:00:00,
    close_time: 2024-01-03 12:10:59.999 +00:00:00,
}, 
end: CandleData {
    open: 0.03803,
    close: 0.03665,
    high: 0.0385,
    low: 0.03634,
    volume: 47494291.7,
    open_time: 2024-01-03 16:18:00.0 +00:00:00,
    close_time: 2024-01-03 16:18:59.999 +00:00:00,
}, 
max: CandleData {
    open: 0.05998,
    close: 0.06357,
    high: 0.07294,
    low: 0.05847,
    volume: 192444095.4,
    open_time: 2024-01-03 15:19:00.0 +00:00:00,
    close_time: 2024-01-03 15:19:59.999 +00:00:00,
}, 
return rate: 3.4673604541154215, 
max_draw_static: 
increase:    11.83%		max_draw:     9.81%
increase:    39.07%		max_draw:    10.07%
increase:    67.36%		max_draw:    11.81%
increase:   327.53%		max_draw:    17.57%
increase:   399.53%		max_draw:    18.14%

2024-01-17 17:28:44  INFO strategy::roll_strategy::roll_bull_finder hurribot::strategy::roll_strategy: src/strategy/roll_strategy.rs:356: 
entry: CandleData {
    open: 0.01965,
    close: 0.01954,
    high: 0.01991,
    low: 0.01941,
    volume: 16949324.7,
    open_time: 2024-01-03 20:50:00.0 +00:00:00,
    close_time: 2024-01-03 20:50:59.999 +00:00:00,
}, 
end: CandleData {
    open: 0.04222,
    close: 0.04231,
    high: 0.04233,
    low: 0.04216,
    volume: 894537.0,
    open_time: 2024-01-07 23:59:00.0 +00:00:00,
    close_time: 2024-01-07 23:59:59.999 +00:00:00,
}, 
max: CandleData {
    open: 0.05714,
    close: 0.05641,
    high: 0.05789,
    low: 0.05628,
    volume: 26647121.8,
    open_time: 2024-01-07 14:10:00.0 +00:00:00,
    close_time: 2024-01-07 14:10:59.999 +00:00:00,
}, 
return rate: 2.1798042246264813, 
max_draw_static: 
increase:     4.59%		max_draw:     3.74%
increase:    10.77%		max_draw:     4.51%
increase:    11.44%		max_draw:     6.24%
increase:    15.20%		max_draw:     8.14%
increase:    19.17%		max_draw:    12.71%
increase:    63.27%		max_draw:    29.76%

2024-01-17 17:28:44  INFO strategy::roll_strategy::roll_bull_finder hurribot::strategy::roll_strategy: src/strategy/roll_strategy.rs:365: good set count: 2
